BIT_ATTR_TEXT	EQU 00004H
CHECK1ST	EQU 0013EH
CHECK1ST_END	EQU 00148H
CLR_PALET	EQU 00070H
CLR_PALET_END	EQU 0007CH
CLR_VRAM	EQU 002C4H
CLR_VRAM_1	EQU 002C7H
CLR_VRAM_2	EQU 002CEH
CLR_VRAM_ALL	EQU 002B5H
CLR_VRAM_ALL_END EQU 002BFH
CLR_VRAM_END	EQU 002DAH
CLR_VRAM_TOP	EQU 002BFH
CLR_VRAM_TOP_1	EQU 002C1H
CLSCHR		EQU 0F8D1H
CMT_LOAD1ST	EQU 0041EH
CMT_LOAD1ST_END	EQU 0042AH
CMT_LOADFILE	EQU 0044AH
CMT_LOADFILE_1	EQU 0045EH
CMT_LOADFILE_END EQU 0046EH
CMT_LOADFILE_EXIT EQU 0046CH
CMT_LOADIFB	EQU 0042AH
CMT_LOADIFB_1	EQU 0043FH
CMT_LOADIFB_END	EQU 0044AH
CMT_LOADIFB_EXIT EQU 00449H
COLORF		EQU 0F8D0H
DATA_END	EQU 007F9H
DATA_TOP	EQU 006C0H
EMM_LOAD1ST	EQU 0019DH
EMM_LOAD1ST_1	EQU 001ACH
EMM_LOAD1ST_2	EQU 001B9H
EMM_LOAD1ST_3	EQU 001C3H
EMM_LOAD1ST_4	EQU 001C9H
EMM_LOAD1ST_END	EQU 001CAH
EMM_LOADFILE	EQU 001CAH
EMM_LOADFILE_1	EQU 001DAH
EMM_LOADFILE_END EQU 001E4H
EMM_SETIO	EQU 00196H
END_EMM_SETIO	EQU 0019DH
ERR_LOAD	EQU 00055H
ERR_LOAD_END	EQU 0005AH
ERR_MISSING	EQU 0005DH
ERR_MISSING_1	EQU 00060H
EXECADR		EQU 0FF93H
EXEC_MON	EQU 00555H
EXEC_MON_1	EQU 00558H
EXEC_MON_END	EQU 00592H
EXEC_RAM	EQU 0054CH
EXEC_RAM_1	EQU 0054FH
EXEC_RAM_EMD	EQU 00555H
FDC_CMD		EQU 00268H
FDC_READ	EQU 0028AH
FDC_READ_1	EQU 002A3H
FDC_READ_2	EQU 002B3H
FDC_READ_END	EQU 002B5H
FDC_RESTORE	EQU 00266H
FDC_SEEK	EQU 00274H
FDC_SEEK_END	EQU 00283H
FILEBUF		EQU 0FE00H
INIT_8255	EQU 00011H
INIT_8255_END	EQU 00018H
INIT_CRTC	EQU 00018H
INIT_CRTC_1	EQU 0001AH
INIT_CRTC_END	EQU 0002CH
INIT_WORK	EQU 00000H
INIT_WORK_1	EQU 00008H
INIT_WORK_END	EQU 0000BH
INPBUF		EQU 0FF90H
INPSIZ		EQU 0000EH
INP_MENU	EQU 000FDH
INP_MENU_END	EQU 00110H
IO80C49		EQU 01900H
IO8255B		EQU 01A01H
IO8255C		EQU 01A02H
IO8255L		EQU 01A03H
IOATTR		EQU 02000H
IOCRTC		EQU 01800H
IOEMM		EQU 00D03H
IOEMM_H		EQU 00D02H
IOEMM_L		EQU 00D00H
IOEMM_M		EQU 00D01H
IOFDCCR		EQU 00FF8H
IOFDCDR		EQU 00FFBH
IOFDCNO		EQU 00FFCH
IOFDCSR		EQU 00FFAH
IOFDCTR		EQU 00FF9H
IOIPLOF		EQU 01E00H
IOPALET		EQU 01200H
IOROM		EQU 00E03H
IOROM_H		EQU 00E00H
IOROM_L		EQU 00E02H
IOROM_M		EQU 00E01H
IOTEXT		EQU 03000H
IPLBOT		EQU 00000H
IPLDRV		EQU 0FF87H
IPLKEY		EQU 0038AH
IPLKEY_1	EQU 0038BH
IPLKEY_2	EQU 00391H
IPLKEY_END	EQU 00399H
IPLPRN		EQU 003CBH
IPLPRN_1	EQU 003CFH
IPLPRN_END	EQU 003D9H
IPLPRN_XY	EQU 003B2H
IPLPRN_XY_END	EQU 003BEH
IPLPTC		EQU 003D9H
IPLPTC_1	EQU 003DFH
IPLPTC_END	EQU 003EDH
IPLPTC_EXIT	EQU 003E8H
IPL_CMT		EQU 00405H
IPL_CMT_1	EQU 00418H
IPL_CMT_END	EQU 0041EH
IPL_LOAD	EQU 00091H
IPL_LOAD_0	EQU 000A7H
IPL_LOAD_1	EQU 000E3H
IPL_LOAD_END	EQU 000E9H
IPL_LOOP	EQU 0002FH
IPL_LOOP2	EQU 00050H
IPL_LOOP_END	EQU 00055H
IPL_MENU	EQU 000E9H
IPL_MENU_1	EQU 000F1H
IPL_PUTCHAR	EQU 003BEH
IPL_PUTCHAR_END	EQU 003CBH
IS_CMT_READY	EQU 00400H
IS_CMT_READY_END EQU 00405H
IS_DRV_RDY	EQU 00148H
IS_DRV_RDY_1	EQU 00160H
IS_DRV_RDY_2	EQU 0016CH
IS_DRV_RDY_END	EQU 0016EH
KBHIT		EQU 00375H
KBHIT_END	EQU 0038AH
LD_TEXT_ADDR	EQU 003EDH
LD_TEXT_ADDR_1	EQU 003F1H
LD_TEXT_ADDR_END EQU 003F6H
LOAD1ST		EQU 00283H
LOAD1ST_COM	EQU 0016EH
LOAD1ST_END	EQU 0017DH
LOADFILE	EQU 0021AH
LOADFILE_1	EQU 0022DH
LOADFILE_2	EQU 00237H
LOADFILE_3	EQU 00245H
LOADFILE_4	EQU 0025DH
LOADFILE_COM	EQU 0017DH
LOADFILE_COM_1	EQU 0018BH
LOADFILE_COM_END EQU 00196H
LOADFILE_END	EQU 00266H
MONADR		EQU 0FF9EH
MON_2HEX	EQU 0068CH
MON_2HEX_1	EQU 00692H
MON_2HEX_2	EQU 006AAH
MON_2HEX_END	EQU 006ABH
MON_ASC		EQU 0066EH
MON_ASC_END	EQU 00677H
MON_CALLHL	EQU 00651H
MON_CALLHL_END	EQU 00653H
MON_COLON	EQU 0064DH
MON_COLON_END	EQU 00651H
MON_DUMP	EQU 00592H
MON_DUMP1	EQU 005DDH
MON_DUMP1_1	EQU 005E6H
MON_DUMP1_2	EQU 005F7H
MON_DUMP1_END	EQU 00601H
MON_DUMP_1	EQU 00598H
MON_DUMP_2	EQU 0059FH
MON_DUMP_END	EQU 005AAH
MON_EDIT	EQU 005B7H
MON_EDIT_1	EQU 005D6H
MON_EDIT_END	EQU 005D9H
MON_GETS	EQU 00601H
MON_GETS_1	EQU 00604H
MON_GETS_2	EQU 0061CH
MON_GETS_3	EQU 00626H
MON_GETS_4	EQU 00635H
MON_GETS_END	EQU 0063EH
MON_HEX		EQU 00677H
MON_HEX_1	EQU 0068AH
MON_HEX_2	EQU 0068BH
MON_HEX_END	EQU 0068CH
MON_HLHEX	EQU 006ABH
MON_HLHEX_1	EQU 006B6H
MON_HLHEX_END	EQU 006B9H
MON_JUMP	EQU 005D9H
MON_JUMP_END	EQU 005DDH
MON_LOAD1ST	EQU 005AAH
MON_LOAD1ST_END	EQU 005B7H
MON_PRINTS	EQU 00653H
MON_PRINTS_1	EQU 00655H
MON_PRINTS_END	EQU 00658H
MON_PRTHL	EQU 00667H
MON_PRTHL_END	EQU 0066EH
MON_PRTHX	EQU 00658H
MON_PRTHXM	EQU 00649H
MON_PRTHXM_END	EQU 0064DH
MON_PRTHX_1	EQU 00661H
MON_PRTHX_AND	EQU 00667H
MON_SKIP_SPC	EQU 0063EH
MON_SKIP_SPC_1	EQU 0063FH
MON_SKIP_SPC_2	EQU 00647H
MON_SKIP_SPC_END EQU 00649H
MSG_ADDR_MENU	EQU 007CAH
MSG_END		EQU 007CAH
MSG_ERROR	EQU 006DAH
MSG_LOADING	EQU 00732H
MSG_LOOKCMT	EQU 0072CH
MSG_LOOKING	EQU 0070CH
MSG_MENU1	EQU 00758H
MSG_MENU2	EQU 00771H
MSG_MENU3	EQU 00798H
MSG_MENU4	EQU 007A2H
MSG_MENU5	EQU 007AAH
MSG_MENU6	EQU 007B2H
MSG_MENU7	EQU 007BAH
MSG_MENU8	EQU 007C2H
MSG_MISSING	EQU 00744H
MSG_WAITING	EQU 006E9H
MSG_WELCOME	EQU 006C0H
MT_CTRL		EQU 0047EH
MT_CTRL_END	EQU 0049AH
MT_CTRL_PLAY	EQU 0046EH
MT_CTRL_PLAY_END EQU 00476H
MT_CTRL_STOP	EQU 00476H
MT_CTRL_STOP_END EQU 0047EH
MT_EDGE		EQU 004CDH
MT_EDGE_1	EQU 004D5H
MT_EDGE_2	EQU 004DDH
MT_EDGE_END	EQU 004DFH
MT_RDBIT	EQU 004DFH
MT_RDBIT_1	EQU 004E6H
MT_RDBIT_D	EQU 004EEH
MT_RDBIT_D_END	EQU 004F9H
MT_RDBIT_D_EXIT	EQU 004F8H
MT_RDBIT_END	EQU 004EEH
MT_RDBIT_EXIT	EQU 004EDH
MT_RDBYTE	EQU 00529H
MT_RDBYTE_END	EQU 0054CH
MT_RDBYTE_EXIT	EQU 0054BH
MT_SKIP0	EQU 0050FH
MT_SKIP0_END	EQU 0051CH
MT_SKIP0_EXIT	EQU 0051BH
MT_SKIP1	EQU 0051CH
MT_SKIP1111	EQU 004F9H
MT_SKIP1111_1	EQU 004FAH
MT_SKIP1111_2	EQU 004FCH
MT_SKIP1111_3	EQU 00506H
MT_SKIP1111_END	EQU 0050FH
MT_SKIP1111_EXIT EQU 0050DH
MT_SKIP1_END	EQU 00529H
MT_SKIP1_EXIT	EQU 00528H
MT_STAT		EQU 0049AH
MT_STAT_END	EQU 004CDH
ORG_0066	EQU 00066H
ORG_021A	EQU 0021AH
ORG_038A	EQU 0038AH
ORG_03CB	EQU 003CBH
ORG_03D9	EQU 003D9H
PARM40		EQU 007DBH
PARM80		EQU 007EAH
PROGRAM_LAST	EQU 006B9H
PRT_DRV		EQU 0007CH
PRT_DRV_END	EQU 00084H
READ_80C49	EQU 003A3H
READ_80C49_1	EQU 003A6H
READ_80C49_END	EQU 003B2H
REDIREC		EQU 0FF90H
ROM_LOADFILE	EQU 001E4H
ROM_LOADFILE_1	EQU 001F3H
ROM_LOADFILE_2	EQU 00212H
ROM_LOADFILE_END EQU 00214H
RST_066H	EQU 00066H
SET_IPLDRV	EQU 00110H
SET_IPLDRV_1	EQU 00126H
SET_IPLDRV_2	EQU 00127H
SET_IPLDRV_END	EQU 0012EH
ST_CUR_ADDR	EQU 003F6H
ST_CUR_ADDR_END	EQU 003FFH
TEXT_STD	EQU 02007H
TXTATR		EQU 0FF86H
TXTCUR		EQU 0FF80H
TXTSIZ		EQU 00800H
TXT_BS		EQU 00301H
TXT_BS_END	EQU 00314H
TXT_CURON	EQU 00314H
TXT_CURON_END	EQU 00321H
TXT_ISLAST	EQU 00321H
TXT_ISLAST_1	EQU 00333H
TXT_ISLAST_END	EQU 00335H
TXT_LTNL	EQU 002DAH
TXT_LTNL_1	EQU 002E6H
TXT_LTNL_2	EQU 002F0H
TXT_LTNL_3	EQU 002F5H
TXT_LTNL_END	EQU 00301H
TXT_SCROLL	EQU 00335H
TXT_SCROLL_1	EQU 0033FH
TXT_SCROLL_2	EQU 0036FH
TXT_SCROLL_END	EQU 00375H
WAIT1		EQU 00214H
WAIT1_1		EQU 00216H
WAIT1_END	EQU 0021AH
WAIT_80C49_WR	EQU 00399H
WAIT_80C49_WR_1	EQU 0039CH
WAIT_80C49_WR_END EQU 003A3H
WAIT_FDC_BUSY	EQU 0026DH
WAIT_FDC_BUSY_1	EQU 0026DH
WAIT_FDC_BUSY_END EQU 00274H
WAIT_MOMENT	EQU 00084H
WAIT_MOMENT_1	EQU 00089H
WAIT_MOMENT_END	EQU 00091H
WRITE_REDIRECTOR EQU 0012EH
WRITE_REDIRECTOR_END EQU 0013EH
WRKSIZ		EQU 00020H
WRKTOP		EQU 0FF80H
